#
# A fatal error has been detected by the Java Runtime Environment:
#
#  SIGBUS (0xa) at pc=0x00007fff90acd331, pid=2092, tid=11011
#
# JRE version: Java(TM) SE Runtime Environment (8.0_20-b26) (build 1.8.0_20-b26)
# Java VM: Java HotSpot(TM) 64-Bit Server VM (25.20-b23 mixed mode bsd-amd64 compressed oops)
# Problematic frame:
# C  [libsystem_platform.dylib+0x1331]  _platform_memmove$VARIANT$Ivybridge+0x31
#
# Failed to write core dump. Core dumps have been disabled. To enable core dumping, try "ulimit -c unlimited" before starting Java again
#
# If you would like to submit a bug report, please visit:
#   http://bugreport.sun.com/bugreport/crash.jsp
#

---------------  T H R E A D  ---------------

Current thread (0x00007ff30a005800):  VMThread [stack: 0x0000000123d00000,0x0000000123e00000] [id=11011]

siginfo: si_signo: 10 (SIGBUS), si_code: 2 (BUS_ADRERR), si_addr: 0x00000007b0000000

Registers:
RAX=0x0000000780004000, RBX=0x0000000000000001, RCX=0x0000000002bb2728, RDX=0x0000000008006958
RSP=0x0000000123dff2a0, RBP=0x0000000123dff2a0, RSI=0x00000007b0000000, RDI=0x0000000785458230
R8 =0x000000010f500506, R9 =0x0000000780004000, R10=0x000000078800a958, R11=0xffffffffd5458230
R12=0x0000000780004000, R13=0x00007ff30a005501, R14=0x00007ff30a005500, R15=0x0000000001000d2b
RIP=0x00007fff90acd331, EFLAGS=0x0000000000010202, ERR=0x0000000000000004
  TRAPNO=0x000000000000000e

Top of Stack: (sp=0x0000000123dff2a0)
0x0000000123dff2a0:   0000000123dff2b0 000000010ed3f7a4
0x0000000123dff2b0:   0000000123dff320 000000010f104ef8
0x0000000123dff2c0:   00000007af4d835d 00000007aababdd0
0x0000000123dff2d0:   00000007af5244a8 0000000000001000
0x0000000123dff2e0:   00000007af4d8374 00000007c0045550
0x0000000123dff2f0:   0000000000000009 00000007af4d58c5
0x0000000123dff300:   000000010f500506 00000007af4d58c5
0x0000000123dff310:   00000007af4d58c4 00007ff30a005598
0x0000000123dff320:   0000000123dff340 000000010f105213
0x0000000123dff330:   00007ff30a005500 00007ff30a005560
0x0000000123dff340:   0000000123dff3a0 000000010f104340
0x0000000123dff350:   00000007af4d8180 0100000000001000
0x0000000123dff360:   00000007af4d58c5 0000000000000003
0x0000000123dff370:   0000007eda2dbb09 0000000123dff7c0
0x0000000123dff380:   0000000000000000 00000007aeb884f0
0x0000000123dff390:   00000007aeb88508 00007ff309508f01
0x0000000123dff3a0:   0000000123dff3c0 000000010f1073a8
0x0000000123dff3b0:   0000000423dff7c0 0000000123dff7d0
0x0000000123dff3c0:   0000000123dff430 000000010f10ba21
0x0000000123dff3d0:   0000000123dff7c0 00000000aeb74088
0x0000000123dff3e0:   00007ff30950b990 00007ff309be0200
0x0000000123dff3f0:   00007ff309be02d0 00007ff309be81e8
0x0000000123dff400:   00000000000083b0 0000000123dff7d0
0x0000000123dff410:   0000000000000370 0000000000000001
0x0000000123dff420:   000000010f509870 00007ff309508fa0
0x0000000123dff430:   0000000123dff4f0 000000010f10bc1f
0x0000000123dff440:   0000000123dff500 00007fff8f5eadd4
0x0000000123dff450:   0000000000000000 00007ff3095090c0
0x0000000123dff460:   0000000123dff470 000000010f0c9c7f
0x0000000123dff470:   000000010f5097c8 0000000123dff590
0x0000000123dff480:   0000000123dff4d0 000000010eecf1f2
0x0000000123dff490:   000000010f4423d0 000000010f24112f 

Instructions: (pc=0x00007fff90acd331)
0x00007fff90acd311:   82 44 00 00 00 48 83 fa 50 0f 82 6e 00 00 00 48
0x00007fff90acd321:   81 fa 00 00 02 00 0f 82 83 00 00 00 48 89 d1 fc
0x00007fff90acd331:   f3 a4 5d c3 66 66 2e 0f 1f 84 00 00 00 00 00 55
0x00007fff90acd341:   48 89 e5 49 89 fb 49 29 f3 48 89 f8 49 39 d3 72 

Register to memory mapping:

RAX=0x0000000780004000 is an oop
[B 
 - klass: {type array byte}
 - length: 134244675
RBX=0x0000000000000001 is an unknown value
RCX=0x0000000002bb2728 is an unknown value
RDX=0x0000000008006958 is an unknown value
RSP=0x0000000123dff2a0 is an unknown value
RBP=0x0000000123dff2a0 is an unknown value
RSI=0x00000007b0000000 is an unallocated location in the heap
RDI=0x0000000785458230 is pointing into object: 0x0000000780004000
[B 
 - klass: {type array byte}
 - length: 134244675
R8 =0x000000010f500506: AssumeMP+0 in /Library/Java/JavaVirtualMachines/jdk1.8.0_20.jdk/Contents/Home/jre/lib/server/libjvm.dylib at 0x000000010ec6d000
R9 =0x0000000780004000 is an oop
[B 
 - klass: {type array byte}
 - length: 134244675
R10=